[debug] [2024-10-12T18:27:44.457Z] ----------------------------------------------------------------------
[debug] [2024-10-12T18:27:44.460Z] Command:       C:\Program Files\nodejs\node.exe C:\Users\Gowtham\AppData\Roaming\npm\node_modules\firebase-tools\lib\bin\firebase.js init
[debug] [2024-10-12T18:27:44.460Z] CLI Version:   13.22.0
[debug] [2024-10-12T18:27:44.460Z] Platform:      win32
[debug] [2024-10-12T18:27:44.460Z] Node Version:  v20.11.1
[debug] [2024-10-12T18:27:44.460Z] Time:          Sat Oct 12 2024 23:57:44 GMT+0530 (India Standard Time)
[debug] [2024-10-12T18:27:44.460Z] ----------------------------------------------------------------------
[debug] 
[debug] [2024-10-12T18:27:44.469Z] > command requires scopes: ["email","openid","https://www.googleapis.com/auth/cloudplatformprojects.readonly","https://www.googleapis.com/auth/firebase","https://www.googleapis.com/auth/cloud-platform"]
[debug] [2024-10-12T18:27:44.469Z] > authorizing via signed-in user (kgowtham020@gmail.com)
[info] 
     ######## #### ########  ######## ########     ###     ######  ########
     ##        ##  ##     ## ##       ##     ##  ##   ##  ##       ##
     ######    ##  ########  ######   ########  #########  ######  ######
     ##        ##  ##    ##  ##       ##     ## ##     ##       ## ##
     ##       #### ##     ## ######## ########  ##     ##  ######  ########

You're about to initialize a Firebase project in this directory:

  C:\Users\Gowtham\OneDrive\Apps\Desktop\Mvp_start

[info] 
=== Project Setup
[info] 
[info] First, let's associate this project directory with a Firebase project.
[info] You can create multiple project aliases by running firebase use --add, 
[info] but for now we'll just set up a default project.
[info] 
[debug] [2024-10-12T18:28:21.815Z] Checked if tokens are valid: true, expires at: 1728760972267
[debug] [2024-10-12T18:28:21.816Z] Checked if tokens are valid: true, expires at: 1728760972267
[debug] [2024-10-12T18:28:21.819Z] >>> [apiv2][query] GET https://firebase.googleapis.com/v1beta1/projects pageSize=100
[debug] [2024-10-12T18:28:22.546Z] <<< [apiv2][status] GET https://firebase.googleapis.com/v1beta1/projects 200
[debug] [2024-10-12T18:28:22.546Z] <<< [apiv2][body] GET https://firebase.googleapis.com/v1beta1/projects [omitted]
[info] i  Using project blumvp01 (BLUMVP01) 
[info] 
=== Hosting Setup
[debug] [2024-10-12T18:28:23.752Z] Checked if tokens are valid: true, expires at: 1728760972267
[debug] [2024-10-12T18:28:23.752Z] Checked if tokens are valid: true, expires at: 1728760972267
[debug] [2024-10-12T18:28:23.753Z] >>> [apiv2][query] GET https://firebase.googleapis.com/v1beta1/projects/blumvp01 [none]
[debug] [2024-10-12T18:28:24.289Z] <<< [apiv2][status] GET https://firebase.googleapis.com/v1beta1/projects/blumvp01 200
[debug] [2024-10-12T18:28:24.289Z] <<< [apiv2][body] GET https://firebase.googleapis.com/v1beta1/projects/blumvp01 {"projectId":"blumvp01","projectNumber":"479248343271","displayName":"BLUMVP01","name":"projects/blumvp01","resources":{"hostingSite":"blumvp01"},"state":"ACTIVE","etag":"1_47f3ccfa-e7bd-413e-97cf-2d5099bfa0ba"}
[info] 
[info] Your public directory is the folder (relative to your project directory) that
[info] will contain Hosting assets to be uploaded with firebase deploy. If you
[info] have a build process for your assets, use your build's output directory.
[info] 
[info] +  Wrote blumvp01/404.html 
[debug] [2024-10-12T18:29:17.927Z] >>> [apiv2][query] GET https://www.gstatic.com/firebasejs/releases.json [none]
[debug] [2024-10-12T18:29:18.031Z] <<< [apiv2][status] GET https://www.gstatic.com/firebasejs/releases.json 200
[debug] [2024-10-12T18:29:18.031Z] <<< [apiv2][body] GET https://www.gstatic.com/firebasejs/releases.json {"current":{"version":"10.14.1","browserURL":"https://www.gstatic.com/firebasejs/10.14.1/firebase.js","packageURL":"https://www.gstatic.com/firebasejs/10.14.1/firebase.tgz"},"live":{"version":"10.14","browserURL":"https://www.gstatic.com/firebasejs/live/10.14/firebase.js","packageURL":"https://www.gstatic.com/firebasejs/live/10.14/firebase.tgz"},"components":{"analytics":"https://www.gstatic.com/firebasejs/10.14.1/firebase-analytics.js","app":"https://www.gstatic.com/firebasejs/10.14.1/firebase-app.js","app-check":"https://www.gstatic.com/firebasejs/10.14.1/firebase-app-check.js","auth":"https://www.gstatic.com/firebasejs/10.14.1/firebase-auth.js","auth/cordova":"https://www.gstatic.com/firebasejs/10.14.1/firebase-auth/cordova.js","auth/web-extension":"https://www.gstatic.com/firebasejs/10.14.1/firebase-auth/web-extension.js","functions":"https://www.gstatic.com/firebasejs/10.14.1/firebase-functions.js","firestore":"https://www.gstatic.com/firebasejs/10.14.1/firebase-firestore.js","firestore/lite":"https://www.gstatic.com/firebasejs/10.14.1/firebase-firestore/lite.js","installations":"https://www.gstatic.com/firebasejs/10.14.1/firebase-installations.js","storage":"https://www.gstatic.com/firebasejs/10.14.1/firebase-storage.js","performance":"https://www.gstatic.com/firebasejs/10.14.1/firebase-performance.js","remote-config":"https://www.gstatic.com/firebasejs/10.14.1/firebase-remote-config.js","messaging":"https://www.gstatic.com/firebasejs/10.14.1/firebase-messaging.js","messaging/sw":"https://www.gstatic.com/firebasejs/10.14.1/firebase-messaging/sw.js","database":"https://www.gstatic.com/firebasejs/10.14.1/firebase-database.js","data-connect":"https://www.gstatic.com/firebasejs/10.14.1/firebase-data-connect.js","vertexai-preview":"https://www.gstatic.com/firebasejs/10.14.1/firebase-vertexai-preview.js","firestore.memory":"https://www.gstatic.com/firebasejs/10.14.1/firebase-firestore.memory.js"}}
[info] +  Wrote blumvp01/index.html 
[info] 
[info] i  Detected a .git folder at C:\Users\Gowtham 
[info] i  Authorizing with GitHub to upload your service account to a GitHub repository's secrets store. 
[info] 
[info] Visit this URL on this device to log in:
[info] https://github.com/login/oauth/authorize?client_id=89cf50f02ac6aaed3484&state=351471939&redirect_uri=http%3A%2F%2Flocalhost%3A9005&scope=read%3Auser%20repo%20public_repo
[info] 
[info] Waiting for authentication...
[debug] [2024-10-12T18:29:26.108Z] >>> [apiv2][query] POST https://github.com/login/oauth/access_token [none]
[debug] [2024-10-12T18:29:26.108Z] >>> [apiv2][body] POST https://github.com/login/oauth/access_token [stream]
[debug] [2024-10-12T18:29:26.956Z] <<< [apiv2][status] POST https://github.com/login/oauth/access_token 200
[debug] [2024-10-12T18:29:26.956Z] <<< [apiv2][body] POST https://github.com/login/oauth/access_token {"access_token":"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","token_type":"bearer","scope":"read:user,repo"}
[debug] [2024-10-12T18:29:26.964Z] >>> [apiv2][query] GET https://api.github.com/user [none]
[debug] [2024-10-12T18:29:27.906Z] <<< [apiv2][status] GET https://api.github.com/user 200
[debug] [2024-10-12T18:29:27.906Z] <<< [apiv2][body] GET https://api.github.com/user {"login":"kgowtham020","id":157607652,"node_id":"U_kgDOCWTm5A","avatar_url":"https://avatars.githubusercontent.com/u/157607652?v=4","gravatar_id":"","url":"https://api.github.com/users/kgowtham020","html_url":"https://github.com/kgowtham020","followers_url":"https://api.github.com/users/kgowtham020/followers","following_url":"https://api.github.com/users/kgowtham020/following{/other_user}","gists_url":"https://api.github.com/users/kgowtham020/gists{/gist_id}","starred_url":"https://api.github.com/users/kgowtham020/starred{/owner}{/repo}","subscriptions_url":"https://api.github.com/users/kgowtham020/subscriptions","organizations_url":"https://api.github.com/users/kgowtham020/orgs","repos_url":"https://api.github.com/users/kgowtham020/repos","events_url":"https://api.github.com/users/kgowtham020/events{/privacy}","received_events_url":"https://api.github.com/users/kgowtham020/received_events","type":"User","site_admin":false,"name":"GOWTHAM K","company":null,"blog":"","location":"Bengaluru,karnataka","email":null,"hireable":true,"bio":"🔹 Gowtham K | BTech | Cyber Security Student🔹","twitter_username":null,"notification_email":null,"public_repos":11,"public_gists":0,"followers":0,"following":4,"created_at":"2024-01-24T13:24:56Z","updated_at":"2024-10-12T05:28:33Z","private_gists":1,"total_private_repos":2,"owned_private_repos":2,"disk_usage":4759,"collaborators":0,"two_factor_authentication":false,"plan":{"name":"free","space":976562499,"collaborators":0,"private_repos":10000}}
[info] 
[info] +  Success! Logged into GitHub as kgowtham020 
[info] 
